<?xml version="1.0" encoding="UTF-8"?>
<testng-results skipped="0" failed="0" ignored="0" total="4" passed="4">
  <reporter-output>
  </reporter-output>
  <suite name="Suite" duration-ms="78237" started-at="2018-03-19T13:03:35Z" finished-at="2018-03-19T13:04:53Z">
    <groups>
    </groups>
    <test name="Test" duration-ms="78237" started-at="2018-03-19T13:03:35Z" finished-at="2018-03-19T13:04:53Z">
      <class name="com.data.DataDriven">
        <test-method status="PASS" signature="DataDrivenTest1(java.lang.String, java.lang.String, java.lang.String, java.lang.String, java.lang.String, java.lang.String, java.lang.String, java.lang.String, java.lang.String, java.lang.String, java.lang.String, java.lang.String, java.lang.String, java.lang.String, java.lang.String, java.lang.String, java.lang.String, java.lang.String, java.lang.String, java.lang.String)[pri:0, instance:com.data.DataDriven@7a1ebcd8]" name="DataDrivenTest1" duration-ms="20162" started-at="2018-03-19T13:03:36Z" data-provider="data" finished-at="2018-03-19T13:03:56Z">
          <params>
            <param index="0">
              <value>
                <![CDATA[FirstName]]>
              </value>
            </param>
            <param index="1">
              <value>
                <![CDATA[LastName]]>
              </value>
            </param>
            <param index="2">
              <value>
                <![CDATA[DoB]]>
              </value>
            </param>
            <param index="3">
              <value>
                <![CDATA[License]]>
              </value>
            </param>
            <param index="4">
              <value>
                <![CDATA[SSN]]>
              </value>
            </param>
            <param index="5">
              <value>
                <![CDATA[State]]>
              </value>
            </param>
            <param index="6">
              <value>
                <![CDATA[City]]>
              </value>
            </param>
            <param index="7">
              <value>
                <![CDATA[Address]]>
              </value>
            </param>
            <param index="8">
              <value>
                <![CDATA[Zip]]>
              </value>
            </param>
            <param index="9">
              <value>
                <![CDATA[Age]]>
              </value>
            </param>
            <param index="10">
              <value>
                <![CDATA[Height]]>
              </value>
            </param>
            <param index="11">
              <value>
                <![CDATA[Weight]]>
              </value>
            </param>
            <param index="12">
              <value>
                <![CDATA[Pharma]]>
              </value>
            </param>
            <param index="13">
              <value>
                <![CDATA[PharmaAdd]]>
              </value>
            </param>
            <param index="14">
              <value>
                <![CDATA[Email]]>
              </value>
            </param>
            <param index="15">
              <value>
                <![CDATA[UserName]]>
              </value>
            </param>
            <param index="16">
              <value>
                <![CDATA[Pwd]]>
              </value>
            </param>
            <param index="17">
              <value>
                <![CDATA[ConfPwd]]>
              </value>
            </param>
            <param index="18">
              <value>
                <![CDATA[SecurityQ]]>
              </value>
            </param>
            <param index="19">
              <value>
                <![CDATA[SecurityA]]>
              </value>
            </param>
          </params>
          <reporter-output>
          </reporter-output>
        </test-method> <!-- DataDrivenTest1 -->
        <test-method status="PASS" signature="DataDrivenTest1(java.lang.String, java.lang.String, java.lang.String, java.lang.String, java.lang.String, java.lang.String, java.lang.String, java.lang.String, java.lang.String, java.lang.String, java.lang.String, java.lang.String, java.lang.String, java.lang.String, java.lang.String, java.lang.String, java.lang.String, java.lang.String, java.lang.String, java.lang.String)[pri:0, instance:com.data.DataDriven@7a1ebcd8]" name="DataDrivenTest1" duration-ms="18928" started-at="2018-03-19T13:03:56Z" data-provider="data" finished-at="2018-03-19T13:04:15Z">
          <params>
            <param index="0">
              <value>
                <![CDATA[FUser1]]>
              </value>
            </param>
            <param index="1">
              <value>
                <![CDATA[LUser1]]>
              </value>
            </param>
            <param index="2">
              <value>
                <![CDATA[01-Jan-2001]]>
              </value>
            </param>
            <param index="3">
              <value>
                <![CDATA[9999991.0]]>
              </value>
            </param>
            <param index="4">
              <value>
                <![CDATA[7.77777771E8]]>
              </value>
            </param>
            <param index="5">
              <value>
                <![CDATA[NC]]>
              </value>
            </param>
            <param index="6">
              <value>
                <![CDATA[Charlotte]]>
              </value>
            </param>
            <param index="7">
              <value>
                <![CDATA[111 Street]]>
              </value>
            </param>
            <param index="8">
              <value>
                <![CDATA[11111.0]]>
              </value>
            </param>
            <param index="9">
              <value>
                <![CDATA[11.0]]>
              </value>
            </param>
            <param index="10">
              <value>
                <![CDATA[11.0]]>
              </value>
            </param>
            <param index="11">
              <value>
                <![CDATA[11.0]]>
              </value>
            </param>
            <param index="12">
              <value>
                <![CDATA[CVS]]>
              </value>
            </param>
            <param index="13">
              <value>
                <![CDATA[111 Pharma]]>
              </value>
            </param>
            <param index="14">
              <value>
                <![CDATA[user1@gamail.com]]>
              </value>
            </param>
            <param index="15">
              <value>
                <![CDATA[user1]]>
              </value>
            </param>
            <param index="16">
              <value>
                <![CDATA[User@1]]>
              </value>
            </param>
            <param index="17">
              <value>
                <![CDATA[User@1]]>
              </value>
            </param>
            <param index="18">
              <value>
                <![CDATA[What is your mother maiden name]]>
              </value>
            </param>
            <param index="19">
              <value>
                <![CDATA[User1Ans]]>
              </value>
            </param>
          </params>
          <reporter-output>
          </reporter-output>
        </test-method> <!-- DataDrivenTest1 -->
        <test-method status="PASS" signature="DataDrivenTest1(java.lang.String, java.lang.String, java.lang.String, java.lang.String, java.lang.String, java.lang.String, java.lang.String, java.lang.String, java.lang.String, java.lang.String, java.lang.String, java.lang.String, java.lang.String, java.lang.String, java.lang.String, java.lang.String, java.lang.String, java.lang.String, java.lang.String, java.lang.String)[pri:0, instance:com.data.DataDriven@7a1ebcd8]" name="DataDrivenTest1" duration-ms="18977" started-at="2018-03-19T13:04:15Z" data-provider="data" finished-at="2018-03-19T13:04:34Z">
          <params>
            <param index="0">
              <value>
                <![CDATA[FUser2]]>
              </value>
            </param>
            <param index="1">
              <value>
                <![CDATA[LUser2]]>
              </value>
            </param>
            <param index="2">
              <value>
                <![CDATA[02-Feb-2002]]>
              </value>
            </param>
            <param index="3">
              <value>
                <![CDATA[9999992.0]]>
              </value>
            </param>
            <param index="4">
              <value>
                <![CDATA[7.77777772E8]]>
              </value>
            </param>
            <param index="5">
              <value>
                <![CDATA[FL]]>
              </value>
            </param>
            <param index="6">
              <value>
                <![CDATA[Miami]]>
              </value>
            </param>
            <param index="7">
              <value>
                <![CDATA[222 Street]]>
              </value>
            </param>
            <param index="8">
              <value>
                <![CDATA[22222.0]]>
              </value>
            </param>
            <param index="9">
              <value>
                <![CDATA[22.0]]>
              </value>
            </param>
            <param index="10">
              <value>
                <![CDATA[22.0]]>
              </value>
            </param>
            <param index="11">
              <value>
                <![CDATA[22.0]]>
              </value>
            </param>
            <param index="12">
              <value>
                <![CDATA[CVS]]>
              </value>
            </param>
            <param index="13">
              <value>
                <![CDATA[222 Pharma]]>
              </value>
            </param>
            <param index="14">
              <value>
                <![CDATA[user2@gamail.com]]>
              </value>
            </param>
            <param index="15">
              <value>
                <![CDATA[user2]]>
              </value>
            </param>
            <param index="16">
              <value>
                <![CDATA[User@2]]>
              </value>
            </param>
            <param index="17">
              <value>
                <![CDATA[User@2]]>
              </value>
            </param>
            <param index="18">
              <value>
                <![CDATA[what is your best friend name]]>
              </value>
            </param>
            <param index="19">
              <value>
                <![CDATA[User2Ans]]>
              </value>
            </param>
          </params>
          <reporter-output>
          </reporter-output>
        </test-method> <!-- DataDrivenTest1 -->
        <test-method status="PASS" signature="DataDrivenTest1(java.lang.String, java.lang.String, java.lang.String, java.lang.String, java.lang.String, java.lang.String, java.lang.String, java.lang.String, java.lang.String, java.lang.String, java.lang.String, java.lang.String, java.lang.String, java.lang.String, java.lang.String, java.lang.String, java.lang.String, java.lang.String, java.lang.String, java.lang.String)[pri:0, instance:com.data.DataDriven@7a1ebcd8]" name="DataDrivenTest1" duration-ms="19020" started-at="2018-03-19T13:04:34Z" data-provider="data" finished-at="2018-03-19T13:04:53Z">
          <params>
            <param index="0">
              <value>
                <![CDATA[FUser3]]>
              </value>
            </param>
            <param index="1">
              <value>
                <![CDATA[LUser3]]>
              </value>
            </param>
            <param index="2">
              <value>
                <![CDATA[03-Mar-2003]]>
              </value>
            </param>
            <param index="3">
              <value>
                <![CDATA[9999993.0]]>
              </value>
            </param>
            <param index="4">
              <value>
                <![CDATA[7.77777773E8]]>
              </value>
            </param>
            <param index="5">
              <value>
                <![CDATA[GA]]>
              </value>
            </param>
            <param index="6">
              <value>
                <![CDATA[Atlanta]]>
              </value>
            </param>
            <param index="7">
              <value>
                <![CDATA[333 Street]]>
              </value>
            </param>
            <param index="8">
              <value>
                <![CDATA[33333.0]]>
              </value>
            </param>
            <param index="9">
              <value>
                <![CDATA[33.0]]>
              </value>
            </param>
            <param index="10">
              <value>
                <![CDATA[33.0]]>
              </value>
            </param>
            <param index="11">
              <value>
                <![CDATA[33.0]]>
              </value>
            </param>
            <param index="12">
              <value>
                <![CDATA[CVS]]>
              </value>
            </param>
            <param index="13">
              <value>
                <![CDATA[333 Pharma]]>
              </value>
            </param>
            <param index="14">
              <value>
                <![CDATA[user3@gamail.com]]>
              </value>
            </param>
            <param index="15">
              <value>
                <![CDATA[user3]]>
              </value>
            </param>
            <param index="16">
              <value>
                <![CDATA[User@3]]>
              </value>
            </param>
            <param index="17">
              <value>
                <![CDATA[User@3]]>
              </value>
            </param>
            <param index="18">
              <value>
                <![CDATA[what is your pet name]]>
              </value>
            </param>
            <param index="19">
              <value>
                <![CDATA[User3Ans]]>
              </value>
            </param>
          </params>
          <reporter-output>
          </reporter-output>
        </test-method> <!-- DataDrivenTest1 -->
      </class> <!-- com.data.DataDriven -->
    </test> <!-- Test -->
  </suite> <!-- Suite -->
</testng-results>
