<?xml version="1.0" encoding="UTF-8"?>
<!-- Generated by org.testng.reporters.JUnitXMLReporter -->
<testsuite hostname="DESKTOP-L0JOL9N" ignored="0" name="Test" tests="4" failures="0" timestamp="19 Mar 2018 13:04:53 GMT" time="78.237" errors="0">
  <testcase name="DataDrivenTest1" time="20.162" classname="com.data.DataDriven"/>
  <testcase name="DataDrivenTest1" time="18.928" classname="com.data.DataDriven"/>
  <testcase name="DataDrivenTest1" time="18.977" classname="com.data.DataDriven"/>
  <testcase name="DataDrivenTest1" time="19.02" classname="com.data.DataDriven"/>
</testsuite> <!-- Test -->
